mean class accuracy (train set)	
 6.4500e+01	
 6.7575e+01	
 6.8400e+01	
 6.9275e+01	
 6.9575e+01	
 7.0675e+01	
 7.1125e+01	
 7.1775e+01	
 7.3050e+01	
 7.3525e+01	
 7.4750e+01	
 7.5550e+01	
 7.7225e+01	
 7.8550e+01	
 7.9700e+01	
 8.1325e+01	
 8.2200e+01	
 8.2975e+01	
 8.3950e+01	
 8.4850e+01	
 8.6325e+01	
 8.7075e+01	
 8.7825e+01	
 8.9050e+01	
 8.9700e+01	
 8.9675e+01	
 9.0650e+01	
 9.1150e+01	
 9.1050e+01	
 9.1700e+01	
 9.2200e+01	
 9.2775e+01	
 9.3350e+01	
 9.3800e+01	
 9.4350e+01	
 9.3975e+01	
 9.4450e+01	
 9.5000e+01	
 9.5100e+01	
 9.5400e+01	
 9.5725e+01	
 9.5925e+01	
 9.5850e+01	
 9.5900e+01	
 9.6250e+01	
 9.6225e+01	
 9.6475e+01	
 9.6825e+01	
 9.6975e+01	
 9.7025e+01	
 9.7075e+01	
 9.6925e+01	
 9.7050e+01	
 9.7225e+01	
 9.7275e+01	
 9.7400e+01	
 9.7475e+01	
 9.7525e+01	
 9.7675e+01	
 9.7450e+01	
 9.7775e+01	
 9.7575e+01	
 9.8075e+01	
 9.7725e+01	
 9.7850e+01	
 9.8125e+01	
 9.8200e+01	
 9.8150e+01	
 9.8175e+01	
 9.8350e+01	
 9.8150e+01	
 9.8625e+01	
 9.8275e+01	
 9.8100e+01	
 9.8375e+01	
 9.8200e+01	
 9.8600e+01	
 9.8700e+01	
 9.8350e+01	
 9.8375e+01	
 9.8600e+01	
 9.8825e+01	
 9.8450e+01	
 9.8625e+01	
 9.8650e+01	
 9.8625e+01	
 9.8675e+01	
 9.8625e+01	
 9.8625e+01	
 9.8775e+01	
 9.8775e+01	
 9.8825e+01	
 9.9100e+01	
 9.8825e+01	
 9.8900e+01	
 9.8775e+01	
 9.9000e+01	
 9.9125e+01	
 9.9075e+01	
 9.8750e+01	
 9.9050e+01	
 9.8925e+01	
 9.8925e+01	
 9.9025e+01	
 9.8950e+01	
 9.9025e+01	
 9.9050e+01	
 9.8900e+01	
 9.8925e+01	
 9.9250e+01	
 9.9050e+01	
 9.8975e+01	
 9.9100e+01	
 9.9125e+01	
 9.9125e+01	
 9.9225e+01	
 9.9325e+01	
 9.9250e+01	
 9.9100e+01	
 9.9250e+01	
 9.9000e+01	
 9.9300e+01	
 9.9200e+01	
 9.9175e+01	
 9.9075e+01	
 9.9400e+01	
 9.9375e+01	
 9.9450e+01	
 9.9475e+01	
 9.9400e+01	
 9.9150e+01	
 9.9225e+01	
 9.9325e+01	
 9.9375e+01	
 9.9275e+01	
 9.9300e+01	
 9.9625e+01	
 9.9450e+01	
 9.9425e+01	
 9.9400e+01	
 9.9300e+01	
 9.9325e+01	
 9.9375e+01	
 9.9400e+01	
 9.9350e+01	
 9.9100e+01	
 9.9475e+01	
 9.9400e+01	
 9.9375e+01	
 9.9175e+01	
 9.9350e+01	
 9.9475e+01	
 9.9525e+01	
 9.9500e+01	
 9.9450e+01	
 9.9375e+01	
 9.9450e+01	
 9.9425e+01	
 9.9650e+01	
 9.9525e+01	
 9.9550e+01	
 9.9500e+01	
 9.9550e+01	
 9.9575e+01	
 9.9425e+01	
 9.9475e+01	
 9.9700e+01	
 9.9550e+01	
 9.9600e+01	
 9.9550e+01	
 9.9525e+01	
 9.9525e+01	
 9.9500e+01	
 9.9675e+01	
 9.9575e+01	
 9.9575e+01	
 9.9625e+01	
 9.9625e+01	
 9.9475e+01	
 9.9650e+01	
 9.9600e+01	
 9.9650e+01	
 9.9600e+01	
 9.9650e+01	
 9.9725e+01	
 9.9800e+01	
 9.9625e+01	
 9.9600e+01	
 9.9525e+01	
 9.9600e+01	
 9.9400e+01	
 9.9600e+01	
 9.9575e+01	
 9.9675e+01	
 9.9550e+01	
 9.9625e+01	
 9.9500e+01	
 9.9550e+01	
 9.9550e+01	
 9.9600e+01	
