mean class accuracy (train set)	
 7.2279e+01	
 7.6886e+01	
 7.9029e+01	
 8.1886e+01	
 8.5100e+01	
 8.7964e+01	
 8.9593e+01	
 9.0864e+01	
 9.1629e+01	
 9.2236e+01	
 9.2743e+01	
 9.3121e+01	
 9.3400e+01	
 9.3686e+01	
 9.4021e+01	
 9.4250e+01	
 9.4557e+01	
 9.4764e+01	
 9.4950e+01	
 9.5129e+01	
 9.5307e+01	
 9.5507e+01	
 9.5786e+01	
 9.5921e+01	
 9.6086e+01	
 9.6200e+01	
 9.6264e+01	
 9.6371e+01	
 9.6550e+01	
 9.6671e+01	
 9.6771e+01	
 9.6957e+01	
 9.7057e+01	
 9.7107e+01	
 9.7207e+01	
 9.7379e+01	
 9.7493e+01	
 9.7571e+01	
 9.7679e+01	
 9.7743e+01	
 9.7793e+01	
 9.7843e+01	
 9.7964e+01	
 9.7993e+01	
 9.8100e+01	
 9.8136e+01	
 9.8207e+01	
 9.8221e+01	
 9.8286e+01	
 9.8371e+01	
 9.8400e+01	
 9.8414e+01	
 9.8414e+01	
 9.8471e+01	
 9.8521e+01	
 9.8521e+01	
 9.8550e+01	
 9.8571e+01	
 9.8614e+01	
 9.8629e+01	
 9.8664e+01	
 9.8671e+01	
 9.8679e+01	
 9.8700e+01	
 9.8750e+01	
 9.8771e+01	
 9.8800e+01	
 9.8843e+01	
 9.8850e+01	
 9.8871e+01	
 9.8900e+01	
 9.8900e+01	
 9.8893e+01	
 9.8907e+01	
 9.8929e+01	
 9.8957e+01	
 9.8936e+01	
 9.8971e+01	
 9.9000e+01	
 9.9014e+01	
 9.9029e+01	
 9.9021e+01	
 9.9064e+01	
 9.9036e+01	
 9.9071e+01	
 9.9114e+01	
 9.9136e+01	
 9.9186e+01	
 9.9193e+01	
 9.9193e+01	
 9.9214e+01	
 9.9207e+01	
 9.9221e+01	
 9.9221e+01	
 9.9221e+01	
 9.9271e+01	
 9.9264e+01	
 9.9264e+01	
 9.9257e+01	
 9.9314e+01	
