mean class accuracy (train set)	
 6.4963e+01	
 6.8500e+01	
 7.0775e+01	
 7.3112e+01	
 7.5938e+01	
 7.8425e+01	
 8.1175e+01	
 8.3912e+01	
 8.6487e+01	
 8.8713e+01	
 9.0625e+01	
 9.1663e+01	
 9.2950e+01	
 9.3837e+01	
 9.4575e+01	
 9.5362e+01	
 9.5837e+01	
 9.6325e+01	
 9.6737e+01	
 9.7075e+01	
 9.7338e+01	
 9.7650e+01	
 9.7975e+01	
 9.8112e+01	
 9.8288e+01	
 9.8500e+01	
 9.8775e+01	
 9.8838e+01	
 9.8875e+01	
 9.8950e+01	
 9.9037e+01	
 9.9075e+01	
 9.9112e+01	
 9.9188e+01	
 9.9275e+01	
 9.9287e+01	
 9.9362e+01	
 9.9362e+01	
 9.9413e+01	
 9.9513e+01	
 9.9525e+01	
 9.9550e+01	
 9.9587e+01	
 9.9612e+01	
 9.9612e+01	
 9.9650e+01	
 9.9675e+01	
 9.9688e+01	
 9.9700e+01	
 9.9737e+01	
 9.9737e+01	
 9.9737e+01	
 9.9750e+01	
 9.9763e+01	
 9.9775e+01	
 9.9775e+01	
 9.9775e+01	
 9.9775e+01	
 9.9800e+01	
 9.9812e+01	
 9.9812e+01	
 9.9812e+01	
 9.9825e+01	
 9.9812e+01	
 9.9838e+01	
 9.9838e+01	
 9.9838e+01	
 9.9850e+01	
 9.9850e+01	
 9.9850e+01	
 9.9850e+01	
 9.9850e+01	
 9.9850e+01	
 9.9850e+01	
 9.9850e+01	
 9.9862e+01	
 9.9862e+01	
 9.9875e+01	
 9.9875e+01	
 9.9875e+01	
 9.9875e+01	
 9.9875e+01	
 9.9875e+01	
 9.9875e+01	
 9.9875e+01	
 9.9900e+01	
 9.9913e+01	
 9.9913e+01	
 9.9913e+01	
 9.9913e+01	
 9.9913e+01	
 9.9913e+01	
 9.9913e+01	
 9.9913e+01	
 9.9913e+01	
 9.9925e+01	
 9.9925e+01	
 9.9925e+01	
 9.9925e+01	
 9.9938e+01	
 9.9950e+01	
 9.9950e+01	
 9.9975e+01	
 9.9975e+01	
 9.9975e+01	
 9.9975e+01	
 9.9975e+01	
 9.9975e+01	
 9.9975e+01	
 9.9975e+01	
 9.9975e+01	
 9.9987e+01	
 9.9987e+01	
 9.9987e+01	
 9.9987e+01	
 9.9987e+01	
 9.9987e+01	
 9.9987e+01	
 9.9987e+01	
 9.9987e+01	
 1.0000e+02	
 1.0000e+02	
 1.0000e+02	
 1.0000e+02	
 1.0000e+02	
 1.0000e+02	
 1.0000e+02	
 1.0000e+02	
 1.0000e+02	
 1.0000e+02	
 1.0000e+02	
 1.0000e+02	
 1.0000e+02	
 1.0000e+02	
 1.0000e+02	
 1.0000e+02	
 1.0000e+02	
 1.0000e+02	
 1.0000e+02	
 1.0000e+02	
 1.0000e+02	
 1.0000e+02	
 1.0000e+02	
 1.0000e+02	
 1.0000e+02	
 1.0000e+02	
 1.0000e+02	
 1.0000e+02	
 1.0000e+02	
 1.0000e+02	
 1.0000e+02	
 1.0000e+02	
 1.0000e+02	
 1.0000e+02	
 1.0000e+02	
 1.0000e+02	
 1.0000e+02	
 1.0000e+02	
 1.0000e+02	
 1.0000e+02	
 1.0000e+02	
 1.0000e+02	
 1.0000e+02	
 1.0000e+02	
 1.0000e+02	
 1.0000e+02	
 1.0000e+02	
 1.0000e+02	
 1.0000e+02	
 1.0000e+02	
 1.0000e+02	
 1.0000e+02	
 1.0000e+02	
 1.0000e+02	
 1.0000e+02	
